c:\users\18140\desktop\study\uiuc exchange\physics_animation\csc417-a4-cloth-simulation\build\a4-cloth-simulation.dir\debug\vc142.pdb
c:\users\18140\desktop\study\uiuc exchange\physics_animation\csc417-a4-cloth-simulation\build\a4-cloth-simulation.dir\debug\init_state.obj
c:\users\18140\desktop\study\uiuc exchange\physics_animation\csc417-a4-cloth-simulation\build\a4-cloth-simulation.dir\debug\find_min_vertices.obj
c:\users\18140\desktop\study\uiuc exchange\physics_animation\csc417-a4-cloth-simulation\build\a4-cloth-simulation.dir\debug\find_max_vertices.obj
c:\users\18140\desktop\study\uiuc exchange\physics_animation\csc417-a4-cloth-simulation\build\a4-cloth-simulation.dir\debug\velocity_filter_cloth_sphere.obj
c:\users\18140\desktop\study\uiuc exchange\physics_animation\csc417-a4-cloth-simulation\build\a4-cloth-simulation.dir\debug\pick_nearest_vertices.obj
c:\users\18140\desktop\study\uiuc exchange\physics_animation\csc417-a4-cloth-simulation\build\a4-cloth-simulation.dir\debug\mass_matrix_mesh.obj
c:\users\18140\desktop\study\uiuc exchange\physics_animation\csc417-a4-cloth-simulation\build\a4-cloth-simulation.dir\debug\fixed_point_constraints.obj
c:\users\18140\desktop\study\uiuc exchange\physics_animation\csc417-a4-cloth-simulation\build\a4-cloth-simulation.dir\debug\dsvd.obj
c:\users\18140\desktop\study\uiuc exchange\physics_animation\csc417-a4-cloth-simulation\build\a4-cloth-simulation.dir\debug\dphi_cloth_triangle_dx.obj
c:\users\18140\desktop\study\uiuc exchange\physics_animation\csc417-a4-cloth-simulation\build\a4-cloth-simulation.dir\debug\dv_spring_particle_particle_dq.obj
c:\users\18140\desktop\study\uiuc exchange\physics_animation\csc417-a4-cloth-simulation\build\a4-cloth-simulation.dir\debug\dv_membrane_corotational_dq.obj
c:\users\18140\desktop\study\uiuc exchange\physics_animation\csc417-a4-cloth-simulation\build\a4-cloth-simulation.dir\debug\dv_cloth_gravity_dq.obj
c:\users\18140\desktop\study\uiuc exchange\physics_animation\csc417-a4-cloth-simulation\build\a4-cloth-simulation.dir\debug\d2v_membrane_corotational_dq2.obj
c:\users\18140\desktop\study\uiuc exchange\physics_animation\csc417-a4-cloth-simulation\build\a4-cloth-simulation.dir\debug\collision_detection_cloth_sphere.obj
c:\users\18140\desktop\study\uiuc exchange\physics_animation\csc417-a4-cloth-simulation\build\a4-cloth-simulation.dir\debug\assemble_stiffness.obj
c:\users\18140\desktop\study\uiuc exchange\physics_animation\csc417-a4-cloth-simulation\build\a4-cloth-simulation.dir\debug\assemble_forces.obj
c:\users\18140\desktop\study\uiuc exchange\physics_animation\csc417-a4-cloth-simulation\build\a4-cloth-simulation.dir\debug\v_spring_particle_particle.obj
c:\users\18140\desktop\study\uiuc exchange\physics_animation\csc417-a4-cloth-simulation\build\a4-cloth-simulation.dir\debug\v_membrane_corotational.obj
c:\users\18140\desktop\study\uiuc exchange\physics_animation\csc417-a4-cloth-simulation\build\a4-cloth-simulation.dir\debug\t_cloth.obj
c:\users\18140\desktop\study\uiuc exchange\physics_animation\csc417-a4-cloth-simulation\build\a4-cloth-simulation.dir\debug\main.obj
c:\users\18140\desktop\study\uiuc exchange\physics_animation\csc417-a4-cloth-simulation\build\a4-cloth-simulation.dir\debug\visualization.obj
c:\users\18140\desktop\study\uiuc exchange\physics_animation\csc417-a4-cloth-simulation\build\a4-cloth-simulation.dir\debug\read_tetgen.obj
c:\users\18140\desktop\study\uiuc exchange\physics_animation\csc417-a4-cloth-simulation\build\cmakefiles\generate.stamp
c:\users\18140\desktop\study\uiuc exchange\physics_animation\csc417-a4-cloth-simulation\build\a4-cloth-simulation.dir\debug\a4-cloth-simulation.ilk
c:\users\18140\desktop\study\uiuc exchange\physics_animation\csc417-a4-cloth-simulation\build\debug\a4-cloth-simulation.exe
c:\users\18140\desktop\study\uiuc exchange\physics_animation\csc417-a4-cloth-simulation\build\debug\a4-cloth-simulation.pdb
c:\users\18140\desktop\study\uiuc exchange\physics_animation\csc417-a4-cloth-simulation\build\a4-cloth-simulation.dir\debug\a4-cloth.4758e425.tlog\cl.command.1.tlog
c:\users\18140\desktop\study\uiuc exchange\physics_animation\csc417-a4-cloth-simulation\build\a4-cloth-simulation.dir\debug\a4-cloth.4758e425.tlog\cl.read.1.tlog
c:\users\18140\desktop\study\uiuc exchange\physics_animation\csc417-a4-cloth-simulation\build\a4-cloth-simulation.dir\debug\a4-cloth.4758e425.tlog\cl.write.1.tlog
c:\users\18140\desktop\study\uiuc exchange\physics_animation\csc417-a4-cloth-simulation\build\a4-cloth-simulation.dir\debug\a4-cloth.4758e425.tlog\custombuild.command.1.tlog
c:\users\18140\desktop\study\uiuc exchange\physics_animation\csc417-a4-cloth-simulation\build\a4-cloth-simulation.dir\debug\a4-cloth.4758e425.tlog\custombuild.read.1.tlog
c:\users\18140\desktop\study\uiuc exchange\physics_animation\csc417-a4-cloth-simulation\build\a4-cloth-simulation.dir\debug\a4-cloth.4758e425.tlog\custombuild.write.1.tlog
c:\users\18140\desktop\study\uiuc exchange\physics_animation\csc417-a4-cloth-simulation\build\a4-cloth-simulation.dir\debug\a4-cloth.4758e425.tlog\link.command.1.tlog
c:\users\18140\desktop\study\uiuc exchange\physics_animation\csc417-a4-cloth-simulation\build\a4-cloth-simulation.dir\debug\a4-cloth.4758e425.tlog\link.read.1.tlog
c:\users\18140\desktop\study\uiuc exchange\physics_animation\csc417-a4-cloth-simulation\build\a4-cloth-simulation.dir\debug\a4-cloth.4758e425.tlog\link.write.1.tlog
